2022-10-05 11:17:54.9887||INFO|ClothesStore.Services.TrousersService|Trousers: GET BY ID action invoked! 
2022-10-05 11:17:57.6615||ERROR|ClothesStore.Middleware.ErrorHandlingMiddleware|Not found trousers  with id: 2! ClothesStore.Exceptions.NotFoundException: Not found trousers  with id: 2!
   at ClothesStore.Services.TrousersService.GetById(Int32 id) in C:\C#\ClothesStore\ClothesStore\Services\TrousersService.cs:line 55
   at ClothesStore.Controllers.TrousersController.GetById(Int32 id) in C:\C#\ClothesStore\ClothesStore\Controllers\TrousersController.cs:line 26
   at lambda_method2(Closure , Object , Object[] )
   at Microsoft.AspNetCore.Mvc.Infrastructure.ActionMethodExecutor.SyncObjectResultExecutor.Execute(IActionResultTypeMapper mapper, ObjectMethodExecutor executor, Object controller, Object[] arguments)
   at Microsoft.AspNetCore.Mvc.Infrastructure.ControllerActionInvoker.InvokeActionMethodAsync()
   at Microsoft.AspNetCore.Mvc.Infrastructure.ControllerActionInvoker.Next(State& next, Scope& scope, Object& state, Boolean& isCompleted)
   at Microsoft.AspNetCore.Mvc.Infrastructure.ControllerActionInvoker.InvokeNextActionFilterAsync()
--- End of stack trace from previous location ---
   at Microsoft.AspNetCore.Mvc.Infrastructure.ControllerActionInvoker.Rethrow(ActionExecutedContextSealed context)
   at Microsoft.AspNetCore.Mvc.Infrastructure.ControllerActionInvoker.Next(State& next, Scope& scope, Object& state, Boolean& isCompleted)
   at Microsoft.AspNetCore.Mvc.Infrastructure.ControllerActionInvoker.InvokeInnerFilterAsync()
--- End of stack trace from previous location ---
   at Microsoft.AspNetCore.Mvc.Infrastructure.ResourceInvoker.<InvokeFilterPipelineAsync>g__Awaited|20_0(ResourceInvoker invoker, Task lastTask, State next, Scope scope, Object state, Boolean isCompleted)
   at Microsoft.AspNetCore.Mvc.Infrastructure.ResourceInvoker.<InvokeAsync>g__Awaited|17_0(ResourceInvoker invoker, Task task, IDisposable scope)
   at Microsoft.AspNetCore.Mvc.Infrastructure.ResourceInvoker.<InvokeAsync>g__Awaited|17_0(ResourceInvoker invoker, Task task, IDisposable scope)
   at Microsoft.AspNetCore.Routing.EndpointMiddleware.<Invoke>g__AwaitRequestTask|6_0(Endpoint endpoint, Task requestTask, ILogger logger)
   at Microsoft.AspNetCore.Authorization.AuthorizationMiddleware.Invoke(HttpContext context)
   at ClothesStore.Middleware.ErrorHandlingMiddleware.InvokeAsync(HttpContext context, RequestDelegate next) in C:\C#\ClothesStore\ClothesStore\Middleware\ErrorHandlingMiddleware.cs:line 17
2022-10-05 11:49:10.1844||INFO|ClothesStore.Services.TrousersService|Trousers: CREATE action invoked! 
2022-10-05 16:33:08.5718||INFO|ClothesStore.Services.AccountService|User: Login action invoked! 
2022-10-05 16:34:59.1634||INFO|ClothesStore.Services.TrousersService|Trousers: CREATE action invoked! 
2022-10-05 16:35:29.1430||INFO|ClothesStore.Services.TrousersService|Trousers: CREATE action invoked! 
2022-10-05 16:35:33.4505||INFO|ClothesStore.Services.TrousersService|Trousers: CREATE action invoked! 
2022-10-05 16:35:37.7471||INFO|ClothesStore.Services.TrousersService|Trousers: CREATE action invoked! 
2022-10-05 16:35:41.1814||INFO|ClothesStore.Services.TrousersService|Trousers: CREATE action invoked! 
2022-10-05 16:35:43.8326||INFO|ClothesStore.Services.TrousersService|Trousers: CREATE action invoked! 
2022-10-05 16:35:46.7540||INFO|ClothesStore.Services.TrousersService|Trousers: CREATE action invoked! 
2022-10-05 16:50:14.5145||INFO|ClothesStore.Services.TrousersService|Trousers: CREATE action invoked! 
2022-10-05 16:54:03.8728||INFO|ClothesStore.Services.TrousersService|Trousers: CREATE action invoked! 
2022-10-05 17:00:46.0182||INFO|ClothesStore.Services.TrousersService|Trousers: CREATE action invoked! 
2022-10-05 17:14:11.0905||INFO|ClothesStore.Services.TrousersService|Trousers: CREATE action invoked! 
2022-10-05 17:14:21.9400||INFO|ClothesStore.Services.TrousersService|Trousers: CREATE action invoked! 
2022-10-05 17:14:23.8940||INFO|ClothesStore.Services.TrousersService|Trousers: CREATE action invoked! 
2022-10-05 17:19:12.4327||INFO|ClothesStore.Services.TrousersService|Trousers: GET BY ID action invoked! 
2022-10-05 17:19:20.4726||INFO|ClothesStore.Services.TrousersService|Trousers: GET BY ID action invoked! 
2022-10-05 17:19:23.5748||INFO|ClothesStore.Services.TrousersService|Trousers: GET BY ID action invoked! 
2022-10-05 17:19:26.4137||INFO|ClothesStore.Services.TrousersService|Trousers: GET BY ID action invoked! 
2022-10-05 17:19:55.6069||INFO|ClothesStore.Services.TrousersService|Trousers: DELETE action invoked! 
2022-10-05 17:19:55.8107||ERROR|ClothesStore.Middleware.ErrorHandlingMiddleware|Not found trousers  with id: 2! ClothesStore.Exceptions.NotFoundException: Not found trousers  with id: 2!
   at ClothesStore.Services.TrousersService.DeleteById(Int32 id) in C:\C#\ClothesStore\ClothesStore\Services\TrousersService.cs:line 49
   at ClothesStore.Controllers.TrousersController.Delete(Int32 id) in C:\C#\ClothesStore\ClothesStore\Controllers\TrousersController.cs:line 39
   at lambda_method132(Closure , Object , Object[] )
   at Microsoft.AspNetCore.Mvc.Infrastructure.ActionMethodExecutor.SyncActionResultExecutor.Execute(IActionResultTypeMapper mapper, ObjectMethodExecutor executor, Object controller, Object[] arguments)
   at Microsoft.AspNetCore.Mvc.Infrastructure.ControllerActionInvoker.InvokeActionMethodAsync()
   at Microsoft.AspNetCore.Mvc.Infrastructure.ControllerActionInvoker.Next(State& next, Scope& scope, Object& state, Boolean& isCompleted)
   at Microsoft.AspNetCore.Mvc.Infrastructure.ControllerActionInvoker.InvokeNextActionFilterAsync()
--- End of stack trace from previous location ---
   at Microsoft.AspNetCore.Mvc.Infrastructure.ControllerActionInvoker.Rethrow(ActionExecutedContextSealed context)
   at Microsoft.AspNetCore.Mvc.Infrastructure.ControllerActionInvoker.Next(State& next, Scope& scope, Object& state, Boolean& isCompleted)
   at Microsoft.AspNetCore.Mvc.Infrastructure.ControllerActionInvoker.InvokeInnerFilterAsync()
--- End of stack trace from previous location ---
   at Microsoft.AspNetCore.Mvc.Infrastructure.ResourceInvoker.<InvokeFilterPipelineAsync>g__Awaited|20_0(ResourceInvoker invoker, Task lastTask, State next, Scope scope, Object state, Boolean isCompleted)
   at Microsoft.AspNetCore.Mvc.Infrastructure.ResourceInvoker.<InvokeAsync>g__Awaited|17_0(ResourceInvoker invoker, Task task, IDisposable scope)
   at Microsoft.AspNetCore.Mvc.Infrastructure.ResourceInvoker.<InvokeAsync>g__Awaited|17_0(ResourceInvoker invoker, Task task, IDisposable scope)
   at Microsoft.AspNetCore.Routing.EndpointMiddleware.<Invoke>g__AwaitRequestTask|6_0(Endpoint endpoint, Task requestTask, ILogger logger)
   at Microsoft.AspNetCore.Authorization.Policy.AuthorizationMiddlewareResultHandler.HandleAsync(RequestDelegate next, HttpContext context, AuthorizationPolicy policy, PolicyAuthorizationResult authorizeResult)
   at Microsoft.AspNetCore.Authorization.AuthorizationMiddleware.Invoke(HttpContext context)
   at Microsoft.AspNetCore.Authentication.AuthenticationMiddleware.Invoke(HttpContext context)
   at ClothesStore.Middleware.ErrorHandlingMiddleware.InvokeAsync(HttpContext context, RequestDelegate next) in C:\C#\ClothesStore\ClothesStore\Middleware\ErrorHandlingMiddleware.cs:line 17
2022-10-05 17:20:01.6135||INFO|ClothesStore.Services.TrousersService|Trousers: DELETE action invoked! 
2022-10-05 17:21:28.4948||INFO|ClothesStore.Services.AccountService|User: Register action invoked! 
2022-10-05 17:21:37.3382||INFO|ClothesStore.Services.AccountService|User: Login action invoked! 
2022-10-05 17:21:44.2540||INFO|ClothesStore.Services.AccountService|User: Login action invoked! 
2022-10-05 17:21:46.0707||INFO|ClothesStore.Services.AccountService|User: Login action invoked! 
2022-10-05 17:21:46.9233||INFO|ClothesStore.Services.AccountService|User: Login action invoked! 
2022-10-05 17:21:47.7973||INFO|ClothesStore.Services.AccountService|User: Login action invoked! 
2022-10-05 17:21:48.6429||INFO|ClothesStore.Services.AccountService|User: Login action invoked! 
2022-10-05 17:21:53.2711||INFO|ClothesStore.Services.AccountService|User: Login action invoked! 
2022-10-05 17:22:04.3952||INFO|ClothesStore.Services.TrousersService|Trousers: DELETE action invoked! 
2022-10-05 17:22:04.4762||ERROR|ClothesStore.Middleware.ErrorHandlingMiddleware|Not found trousers  with id: 3! ClothesStore.Exceptions.NotFoundException: Not found trousers  with id: 3!
   at ClothesStore.Services.TrousersService.DeleteById(Int32 id) in C:\C#\ClothesStore\ClothesStore\Services\TrousersService.cs:line 49
   at ClothesStore.Controllers.TrousersController.Delete(Int32 id) in C:\C#\ClothesStore\ClothesStore\Controllers\TrousersController.cs:line 39
   at lambda_method132(Closure , Object , Object[] )
   at Microsoft.AspNetCore.Mvc.Infrastructure.ActionMethodExecutor.SyncActionResultExecutor.Execute(IActionResultTypeMapper mapper, ObjectMethodExecutor executor, Object controller, Object[] arguments)
   at Microsoft.AspNetCore.Mvc.Infrastructure.ControllerActionInvoker.InvokeActionMethodAsync()
   at Microsoft.AspNetCore.Mvc.Infrastructure.ControllerActionInvoker.Next(State& next, Scope& scope, Object& state, Boolean& isCompleted)
   at Microsoft.AspNetCore.Mvc.Infrastructure.ControllerActionInvoker.InvokeNextActionFilterAsync()
--- End of stack trace from previous location ---
   at Microsoft.AspNetCore.Mvc.Infrastructure.ControllerActionInvoker.Rethrow(ActionExecutedContextSealed context)
   at Microsoft.AspNetCore.Mvc.Infrastructure.ControllerActionInvoker.Next(State& next, Scope& scope, Object& state, Boolean& isCompleted)
   at Microsoft.AspNetCore.Mvc.Infrastructure.ControllerActionInvoker.InvokeInnerFilterAsync()
--- End of stack trace from previous location ---
   at Microsoft.AspNetCore.Mvc.Infrastructure.ResourceInvoker.<InvokeFilterPipelineAsync>g__Awaited|20_0(ResourceInvoker invoker, Task lastTask, State next, Scope scope, Object state, Boolean isCompleted)
   at Microsoft.AspNetCore.Mvc.Infrastructure.ResourceInvoker.<InvokeAsync>g__Awaited|17_0(ResourceInvoker invoker, Task task, IDisposable scope)
   at Microsoft.AspNetCore.Mvc.Infrastructure.ResourceInvoker.<InvokeAsync>g__Awaited|17_0(ResourceInvoker invoker, Task task, IDisposable scope)
   at Microsoft.AspNetCore.Routing.EndpointMiddleware.<Invoke>g__AwaitRequestTask|6_0(Endpoint endpoint, Task requestTask, ILogger logger)
   at Microsoft.AspNetCore.Authorization.Policy.AuthorizationMiddlewareResultHandler.HandleAsync(RequestDelegate next, HttpContext context, AuthorizationPolicy policy, PolicyAuthorizationResult authorizeResult)
   at Microsoft.AspNetCore.Authorization.AuthorizationMiddleware.Invoke(HttpContext context)
   at Microsoft.AspNetCore.Authentication.AuthenticationMiddleware.Invoke(HttpContext context)
   at ClothesStore.Middleware.ErrorHandlingMiddleware.InvokeAsync(HttpContext context, RequestDelegate next) in C:\C#\ClothesStore\ClothesStore\Middleware\ErrorHandlingMiddleware.cs:line 17
2022-10-05 17:22:11.0270||INFO|ClothesStore.Services.TrousersService|Trousers: DELETE action invoked! 
2022-10-05 17:22:17.9168||ERROR|ClothesStore.Middleware.ErrorHandlingMiddleware|Unauthorized DELETE action! ClothesStore.Exceptions.ForbidExepction: Unauthorized DELETE action!
   at ClothesStore.Services.TrousersService.DeleteById(Int32 id) in C:\C#\ClothesStore\ClothesStore\Services\TrousersService.cs:line 54
   at ClothesStore.Controllers.TrousersController.Delete(Int32 id) in C:\C#\ClothesStore\ClothesStore\Controllers\TrousersController.cs:line 39
   at lambda_method132(Closure , Object , Object[] )
   at Microsoft.AspNetCore.Mvc.Infrastructure.ActionMethodExecutor.SyncActionResultExecutor.Execute(IActionResultTypeMapper mapper, ObjectMethodExecutor executor, Object controller, Object[] arguments)
   at Microsoft.AspNetCore.Mvc.Infrastructure.ControllerActionInvoker.InvokeActionMethodAsync()
   at Microsoft.AspNetCore.Mvc.Infrastructure.ControllerActionInvoker.Next(State& next, Scope& scope, Object& state, Boolean& isCompleted)
   at Microsoft.AspNetCore.Mvc.Infrastructure.ControllerActionInvoker.InvokeNextActionFilterAsync()
--- End of stack trace from previous location ---
   at Microsoft.AspNetCore.Mvc.Infrastructure.ControllerActionInvoker.Rethrow(ActionExecutedContextSealed context)
   at Microsoft.AspNetCore.Mvc.Infrastructure.ControllerActionInvoker.Next(State& next, Scope& scope, Object& state, Boolean& isCompleted)
   at Microsoft.AspNetCore.Mvc.Infrastructure.ControllerActionInvoker.InvokeInnerFilterAsync()
--- End of stack trace from previous location ---
   at Microsoft.AspNetCore.Mvc.Infrastructure.ResourceInvoker.<InvokeFilterPipelineAsync>g__Awaited|20_0(ResourceInvoker invoker, Task lastTask, State next, Scope scope, Object state, Boolean isCompleted)
   at Microsoft.AspNetCore.Mvc.Infrastructure.ResourceInvoker.<InvokeAsync>g__Awaited|17_0(ResourceInvoker invoker, Task task, IDisposable scope)
   at Microsoft.AspNetCore.Mvc.Infrastructure.ResourceInvoker.<InvokeAsync>g__Awaited|17_0(ResourceInvoker invoker, Task task, IDisposable scope)
   at Microsoft.AspNetCore.Routing.EndpointMiddleware.<Invoke>g__AwaitRequestTask|6_0(Endpoint endpoint, Task requestTask, ILogger logger)
   at Microsoft.AspNetCore.Authorization.Policy.AuthorizationMiddlewareResultHandler.HandleAsync(RequestDelegate next, HttpContext context, AuthorizationPolicy policy, PolicyAuthorizationResult authorizeResult)
   at Microsoft.AspNetCore.Authorization.AuthorizationMiddleware.Invoke(HttpContext context)
   at Microsoft.AspNetCore.Authentication.AuthenticationMiddleware.Invoke(HttpContext context)
   at ClothesStore.Middleware.ErrorHandlingMiddleware.InvokeAsync(HttpContext context, RequestDelegate next) in C:\C#\ClothesStore\ClothesStore\Middleware\ErrorHandlingMiddleware.cs:line 17
2022-10-05 17:22:28.7297||INFO|ClothesStore.Services.AccountService|User: Login action invoked! 
2022-10-05 17:22:38.3203||INFO|ClothesStore.Services.TrousersService|Trousers: DELETE action invoked! 
2022-10-05 17:22:41.0073||INFO|ClothesStore.Services.TrousersService|Trousers: DELETE action invoked! 
2022-10-05 17:22:41.0741||ERROR|ClothesStore.Middleware.ErrorHandlingMiddleware|Not found trousers  with id: 4! ClothesStore.Exceptions.NotFoundException: Not found trousers  with id: 4!
   at ClothesStore.Services.TrousersService.DeleteById(Int32 id) in C:\C#\ClothesStore\ClothesStore\Services\TrousersService.cs:line 49
   at ClothesStore.Controllers.TrousersController.Delete(Int32 id) in C:\C#\ClothesStore\ClothesStore\Controllers\TrousersController.cs:line 39
   at lambda_method132(Closure , Object , Object[] )
   at Microsoft.AspNetCore.Mvc.Infrastructure.ActionMethodExecutor.SyncActionResultExecutor.Execute(IActionResultTypeMapper mapper, ObjectMethodExecutor executor, Object controller, Object[] arguments)
   at Microsoft.AspNetCore.Mvc.Infrastructure.ControllerActionInvoker.InvokeActionMethodAsync()
   at Microsoft.AspNetCore.Mvc.Infrastructure.ControllerActionInvoker.Next(State& next, Scope& scope, Object& state, Boolean& isCompleted)
   at Microsoft.AspNetCore.Mvc.Infrastructure.ControllerActionInvoker.InvokeNextActionFilterAsync()
--- End of stack trace from previous location ---
   at Microsoft.AspNetCore.Mvc.Infrastructure.ControllerActionInvoker.Rethrow(ActionExecutedContextSealed context)
   at Microsoft.AspNetCore.Mvc.Infrastructure.ControllerActionInvoker.Next(State& next, Scope& scope, Object& state, Boolean& isCompleted)
   at Microsoft.AspNetCore.Mvc.Infrastructure.ControllerActionInvoker.InvokeInnerFilterAsync()
--- End of stack trace from previous location ---
   at Microsoft.AspNetCore.Mvc.Infrastructure.ResourceInvoker.<InvokeFilterPipelineAsync>g__Awaited|20_0(ResourceInvoker invoker, Task lastTask, State next, Scope scope, Object state, Boolean isCompleted)
   at Microsoft.AspNetCore.Mvc.Infrastructure.ResourceInvoker.<InvokeAsync>g__Awaited|17_0(ResourceInvoker invoker, Task task, IDisposable scope)
   at Microsoft.AspNetCore.Mvc.Infrastructure.ResourceInvoker.<InvokeAsync>g__Awaited|17_0(ResourceInvoker invoker, Task task, IDisposable scope)
   at Microsoft.AspNetCore.Routing.EndpointMiddleware.<Invoke>g__AwaitRequestTask|6_0(Endpoint endpoint, Task requestTask, ILogger logger)
   at Microsoft.AspNetCore.Authorization.Policy.AuthorizationMiddlewareResultHandler.HandleAsync(RequestDelegate next, HttpContext context, AuthorizationPolicy policy, PolicyAuthorizationResult authorizeResult)
   at Microsoft.AspNetCore.Authorization.AuthorizationMiddleware.Invoke(HttpContext context)
   at Microsoft.AspNetCore.Authentication.AuthenticationMiddleware.Invoke(HttpContext context)
   at ClothesStore.Middleware.ErrorHandlingMiddleware.InvokeAsync(HttpContext context, RequestDelegate next) in C:\C#\ClothesStore\ClothesStore\Middleware\ErrorHandlingMiddleware.cs:line 17
2022-10-05 18:22:08.3903||INFO|ClothesStore.Services.TrousersService|Trousers: GET BY ID action invoked! 
2022-10-05 18:22:24.4096||INFO|ClothesStore.Services.AccountService|User: Login action invoked! 
2022-10-05 18:24:15.7310||INFO|ClothesStore.Services.TrousersService|Trousers: UPDATE action invoked! 
2022-10-05 18:25:11.5228||INFO|ClothesStore.Services.TrousersService|Trousers: UPDATE action invoked! 
2022-10-05 18:31:31.7350||INFO|ClothesStore.Services.TrousersService|Trousers: UPDATE action invoked! 
2022-10-05 18:31:53.2224||INFO|ClothesStore.Services.TrousersService|Trousers: UPDATE action invoked! 
2022-10-05 18:37:04.7251||INFO|ClothesStore.Services.TrousersService|Trousers: UPDATE action invoked! 
2022-10-05 18:44:15.0958||INFO|ClothesStore.Services.TrousersService|Trousers: GET ALL action invoked! 
2022-10-05 18:44:31.8256||INFO|ClothesStore.Services.TrousersService|Trousers: GET ALL action invoked! 
2022-10-05 18:44:56.5774||INFO|ClothesStore.Services.TrousersService|Trousers: GET ALL action invoked! 
2022-10-05 18:45:08.8018||INFO|ClothesStore.Services.TrousersService|Trousers: GET ALL action invoked! 
2022-10-05 18:45:18.7981||INFO|ClothesStore.Services.TrousersService|Trousers: GET ALL action invoked! 
2022-10-05 18:45:28.2760||INFO|ClothesStore.Services.TrousersService|Trousers: GET ALL action invoked! 
2022-10-05 18:45:46.1105||INFO|ClothesStore.Services.TrousersService|Trousers: GET ALL action invoked! 
2022-10-05 18:52:27.8779||INFO|ClothesStore.Services.TrousersService|Trousers: GET ALL action invoked! 
2022-10-05 18:52:36.1861||INFO|ClothesStore.Services.TrousersService|Trousers: GET ALL action invoked! 
2022-10-05 18:52:41.8108||INFO|ClothesStore.Services.TrousersService|Trousers: GET ALL action invoked! 
2022-10-05 18:52:43.7138||INFO|ClothesStore.Services.TrousersService|Trousers: GET ALL action invoked! 
2022-10-05 18:52:44.4740||INFO|ClothesStore.Services.TrousersService|Trousers: GET ALL action invoked! 
2022-10-05 18:52:45.3841||INFO|ClothesStore.Services.TrousersService|Trousers: GET ALL action invoked! 
2022-10-05 18:52:46.0084||INFO|ClothesStore.Services.TrousersService|Trousers: GET ALL action invoked! 
2022-10-05 18:52:46.6160||INFO|ClothesStore.Services.TrousersService|Trousers: GET ALL action invoked! 
2022-10-05 18:52:47.1934||INFO|ClothesStore.Services.TrousersService|Trousers: GET ALL action invoked! 
2022-10-05 18:52:47.6606||INFO|ClothesStore.Services.TrousersService|Trousers: GET ALL action invoked! 
2022-10-05 18:52:48.1160||INFO|ClothesStore.Services.TrousersService|Trousers: GET ALL action invoked! 
2022-10-05 18:52:48.5939||INFO|ClothesStore.Services.TrousersService|Trousers: GET ALL action invoked! 
2022-10-05 18:52:49.0914||INFO|ClothesStore.Services.TrousersService|Trousers: GET ALL action invoked! 
2022-10-05 18:52:49.5915||INFO|ClothesStore.Services.TrousersService|Trousers: GET ALL action invoked! 
2022-10-05 18:52:50.0139||INFO|ClothesStore.Services.TrousersService|Trousers: GET ALL action invoked! 
2022-10-05 18:52:50.4986||INFO|ClothesStore.Services.TrousersService|Trousers: GET ALL action invoked! 
2022-10-05 18:52:51.0363||INFO|ClothesStore.Services.TrousersService|Trousers: GET ALL action invoked! 
2022-10-05 18:52:51.6452||INFO|ClothesStore.Services.TrousersService|Trousers: GET ALL action invoked! 
2022-10-05 18:53:01.1486||INFO|ClothesStore.Services.TrousersService|Trousers: GET ALL action invoked! 
2022-10-05 18:53:01.9244||INFO|ClothesStore.Services.TrousersService|Trousers: GET ALL action invoked! 
2022-10-05 18:53:02.4448||INFO|ClothesStore.Services.TrousersService|Trousers: GET ALL action invoked! 
2022-10-05 19:04:07.3789||INFO|ClothesStore.Services.TrousersService|Trousers: GET ALL action invoked! 
2022-10-05 19:04:18.6514||INFO|ClothesStore.Services.TrousersService|Trousers: GET ALL action invoked! 
2022-10-05 19:04:46.1813||INFO|ClothesStore.Services.TrousersService|Trousers: GET ALL action invoked! 
2022-10-05 19:04:59.8171||INFO|ClothesStore.Services.TrousersService|Trousers: GET ALL action invoked! 
2022-10-05 19:05:06.8333||INFO|ClothesStore.Services.TrousersService|Trousers: GET ALL action invoked! 
2022-10-05 19:07:11.6840||INFO|ClothesStore.Services.TrousersService|Trousers: GET ALL action invoked! 
2022-10-05 19:07:18.5910||INFO|ClothesStore.Services.TrousersService|Trousers: GET ALL action invoked! 
2022-10-05 19:07:20.6456||INFO|ClothesStore.Services.TrousersService|Trousers: GET ALL action invoked! 
2022-10-05 19:07:21.3643||INFO|ClothesStore.Services.TrousersService|Trousers: GET ALL action invoked! 
2022-10-05 19:07:23.5762||INFO|ClothesStore.Services.TrousersService|Trousers: GET ALL action invoked! 
2022-10-05 19:07:27.6616||INFO|ClothesStore.Services.TrousersService|Trousers: GET ALL action invoked! 
